<?xml version="1.0" encoding="UTF-8"?>
<!-- Generated by org.testng.reporters.JUnitXMLReporter -->
<testsuite hostname="DESKTOP-RUD9UKL" ignored="0" name="Default test" tests="3" failures="0" timestamp="10 Mar 2022 00:55:22 GMT" time="37.13" errors="0">
  <testcase name="ihgLogin" time="16.904" classname="com.orgtest.LoginHRMWorkingWithExcel"/>
  <testcase name="ihgLogin" time="9.666" classname="com.orgtest.LoginHRMWorkingWithExcel"/>
  <testcase name="ihgLogin" time="9.509" classname="com.orgtest.LoginHRMWorkingWithExcel"/>
</testsuite> <!-- Default test -->
