<?xml version="1.0" encoding="UTF-8"?>
<!-- Generated by org.testng.reporters.JUnitXMLReporter -->
<testsuite hostname="DESKTOP-RUD9UKL" ignored="0" name="Default test" tests="4" failures="0" timestamp="02 Mar 2022 01:34:36 GMT" time="23.128" errors="0">
  <testcase name="popup" time="12.067" classname="com.orgtest.AlertTest"/>
  <testcase name="popup" time="12.357" classname="com.orgtest.AlertTest"/>
  <testcase name="popup" time="10.219" classname="com.orgtest.AlertTest"/>
  <testcase name="popup" time="10.739" classname="com.orgtest.AlertTest"/>
</testsuite> <!-- Default test -->
