<?xml version="1.0" encoding="UTF-8"?>
<!-- Generated by org.testng.reporters.JUnitXMLReporter -->
<testsuite hostname="DESKTOP-RUD9UKL" ignored="11" name="Test" tests="1" failures="0" timestamp="04 Mar 2022 01:05:45 GMT" time="8.269" errors="0">
  <testcase name="facebook" time="8.226" classname="com.orgtest.FacebookTest"/>
  <testcase name="demoQA" time="0.0" classname="com.orgtest.DemoqaTest">
    <ignored/>
  </testcase> <!-- demoQA -->
  <testcase name="nine" time="0.0" classname="com.orgtest.ExampleTest">
    <ignored/>
  </testcase> <!-- nine -->
  <testcase name="orangeHRM" time="0.0" classname="com.orgtest.HRMTest">
    <ignored/>
  </testcase> <!-- orangeHRM -->
  <testcase name="boarder" time="0.0" classname="com.orgtest.FrameTest">
    <ignored/>
  </testcase> <!-- boarder -->
  <testcase name="popup" time="0.0" classname="com.orgtest.AlertTest">
    <ignored/>
  </testcase> <!-- popup -->
  <testcase name="medplus" time="0.0" classname="com.orgtest.MedplusTest">
    <ignored/>
  </testcase> <!-- medplus -->
  <testcase name="demoQA" time="0.0" classname="com.orgtest.ShopDemoTest">
    <ignored/>
  </testcase> <!-- demoQA -->
  <testcase name="ten" time="0.0" classname="com.orgtest.ExampleTest">
    <ignored/>
  </testcase> <!-- ten -->
  <testcase name="amazon" time="0.0" classname="com.orgtest.AmazonTest">
    <ignored/>
  </testcase> <!-- amazon -->
  <testcase name="hrm" time="0.0" classname="com.orgtest.AutoTest">
    <ignored/>
  </testcase> <!-- hrm -->
  <testcase name="tth" time="0.0" classname="com.orgtest.IHGTest">
    <ignored/>
  </testcase> <!-- tth -->
</testsuite> <!-- Test -->
