<?xml version="1.0" encoding="UTF-8"?>
<!-- Generated by org.testng.reporters.JUnitXMLReporter -->
<testsuite ignored="18" hostname="DESKTOP-VUAPF35" failures="0" tests="2" name="Test" time="24.956" errors="0" timestamp="2022-03-11T09:19:06 EST">
  <testcase classname="com.orgtest.FacebookTest" name="facebook" time="3.403"/>
  <testcase classname="com.orgtest.FlipcartTest" name="ecomerce" time="21.479"/>
  <testcase classname="com.orgtest.PriorityAttributeTest" name="oranage" time="0.0">
    <ignored/>
  </testcase> <!-- oranage -->
  <testcase classname="com.orgtest.MedplusTest" name="medplus" time="0.0">
    <ignored/>
  </testcase> <!-- medplus -->
  <testcase classname="com.orgtest.ExampleTest" name="ten" time="0.0">
    <ignored/>
  </testcase> <!-- ten -->
  <testcase classname="com.orgtest.FrameTest" name="boarder" time="0.0">
    <ignored/>
  </testcase> <!-- boarder -->
  <testcase classname="com.orgtest.AlertTest" name="popup" time="0.0">
    <ignored/>
  </testcase> <!-- popup -->
  <testcase classname="com.orgtest.IHGTest" name="tth" time="0.0">
    <ignored/>
  </testcase> <!-- tth -->
  <testcase classname="com.orgtest.IHGTest" name="tth" time="0.0">
    <ignored/>
  </testcase> <!-- tth -->
  <testcase classname="com.orgtest.DepenedsonmethodAttributeTest" name="tiger" time="0.0">
    <ignored/>
  </testcase> <!-- tiger -->
  <testcase classname="com.orgtest.DepenedsonmethodAttributeTest" name="lion" time="0.0">
    <ignored/>
  </testcase> <!-- lion -->
  <testcase classname="com.orgtest.AutoTest" name="hrm" time="0.0">
    <ignored/>
  </testcase> <!-- hrm -->
  <testcase classname="com.orgtest.PriorityAttributeTest" name="grapes" time="0.0">
    <ignored/>
  </testcase> <!-- grapes -->
  <testcase classname="com.orgtest.PriorityAttributeTest" name="banana" time="0.0">
    <ignored/>
  </testcase> <!-- banana -->
  <testcase classname="com.orgtest.DemoqaTest" name="demoQA" time="0.0">
    <ignored/>
  </testcase> <!-- demoQA -->
  <testcase classname="com.orgtest.AmazonTest" name="amazon" time="0.0">
    <ignored/>
  </testcase> <!-- amazon -->
  <testcase classname="com.orgtest.HRMTest" name="orangeHRM" time="0.0">
    <ignored/>
  </testcase> <!-- orangeHRM -->
  <testcase classname="com.orgtest.ExampleTest" name="nine" time="0.0">
    <ignored/>
  </testcase> <!-- nine -->
  <testcase classname="com.orgtest.DepenedsonmethodAttributeTest" name="elephant" time="0.0">
    <ignored/>
  </testcase> <!-- elephant -->
  <testcase classname="com.orgtest.ShopDemoTest" name="demoQA" time="0.0">
    <ignored/>
  </testcase> <!-- demoQA -->
</testsuite> <!-- Test -->
