<?xml version="1.0" encoding="UTF-8"?>
<!-- Generated by org.testng.reporters.JUnitXMLReporter -->
<testsuite hostname="DESKTOP-RUD9UKL" ignored="18" name="Test" tests="2" failures="0" timestamp="07 Mar 2022 01:12:28 GMT" time="15.057" errors="0">
  <testcase name="facebook" time="6.45" classname="com.orgtest.FacebookTest"/>
  <testcase name="ecomerce" time="8.574" classname="com.orgtest.FlipcartTest"/>
  <testcase name="oranage" time="0.0" classname="com.orgtest.PriorityAttributeTest">
    <ignored/>
  </testcase> <!-- oranage -->
  <testcase name="boarder" time="0.0" classname="com.orgtest.FrameTest">
    <ignored/>
  </testcase> <!-- boarder -->
  <testcase name="popup" time="0.0" classname="com.orgtest.AlertTest">
    <ignored/>
  </testcase> <!-- popup -->
  <testcase name="medplus" time="0.0" classname="com.orgtest.MedplusTest">
    <ignored/>
  </testcase> <!-- medplus -->
  <testcase name="ten" time="0.0" classname="com.orgtest.ExampleTest">
    <ignored/>
  </testcase> <!-- ten -->
  <testcase name="tiger" time="0.0" classname="com.orgtest.DepenedsonmethodAttributeTest">
    <ignored/>
  </testcase> <!-- tiger -->
  <testcase name="lion" time="0.0" classname="com.orgtest.DepenedsonmethodAttributeTest">
    <ignored/>
  </testcase> <!-- lion -->
  <testcase name="amazon" time="0.0" classname="com.orgtest.AmazonTest">
    <ignored/>
  </testcase> <!-- amazon -->
  <testcase name="hrm" time="0.0" classname="com.orgtest.AutoTest">
    <ignored/>
  </testcase> <!-- hrm -->
  <testcase name="banana" time="0.0" classname="com.orgtest.PriorityAttributeTest">
    <ignored/>
  </testcase> <!-- banana -->
  <testcase name="tth" time="0.0" classname="com.orgtest.IHGTest">
    <ignored/>
  </testcase> <!-- tth -->
  <testcase name="tth" time="0.0" classname="com.orgtest.IHGTest">
    <ignored/>
  </testcase> <!-- tth -->
  <testcase name="demoQA" time="0.0" classname="com.orgtest.DemoqaTest">
    <ignored/>
  </testcase> <!-- demoQA -->
  <testcase name="grapes" time="0.0" classname="com.orgtest.PriorityAttributeTest">
    <ignored/>
  </testcase> <!-- grapes -->
  <testcase name="nine" time="0.0" classname="com.orgtest.ExampleTest">
    <ignored/>
  </testcase> <!-- nine -->
  <testcase name="orangeHRM" time="0.0" classname="com.orgtest.HRMTest">
    <ignored/>
  </testcase> <!-- orangeHRM -->
  <testcase name="demoQA" time="0.0" classname="com.orgtest.ShopDemoTest">
    <ignored/>
  </testcase> <!-- demoQA -->
  <testcase name="elephant" time="0.0" classname="com.orgtest.DepenedsonmethodAttributeTest">
    <ignored/>
  </testcase> <!-- elephant -->
</testsuite> <!-- Test -->
