<?xml version="1.0" encoding="UTF-8"?>
<testsuite xmlns:xsi="http://www.w3.org/2001/XMLSchema-instance" xsi:noNamespaceSchemaLocation="https://maven.apache.org/surefire/maven-surefire-plugin/xsd/surefire-test-report.xsd" name="TestSuite" time="17.096" tests="2" errors="0" skipped="0" failures="0">
  <properties>
[...]
</properties>
  <testcase name="facebook" classname="com.orgtest.FacebookTest" time="3.491"/>
  <testcase name="ecomerce" classname="com.orgtest.FlipcartTest" time="12.301"/>
</testsuite>