<?xml version="1.0" encoding="UTF-8"?>
<testng-results ignored="18" total="20" passed="2" failed="0" skipped="0">
  <reporter-output>
  </reporter-output>
  <suite started-at="2022-03-11T09:18:41 EST" name="Suite" finished-at="2022-03-11T09:19:06 EST" duration-ms="24956">
    <groups>
      <group name="smoke">
        <method signature="FacebookTest.facebook()[pri:0, instance:com.orgtest.FacebookTest@3fb1549b]" name="facebook" class="com.orgtest.FacebookTest"/>
        <method signature="FlipcartTest.ecomerce()[pri:0, instance:com.orgtest.FlipcartTest@71238fc2]" name="ecomerce" class="com.orgtest.FlipcartTest"/>
      </group> <!-- smoke -->
    </groups>
    <test started-at="2022-03-11T09:18:41 EST" name="Test" finished-at="2022-03-11T09:19:06 EST" duration-ms="24956">
      <class name="com.orgtest.FlipcartTest">
        <test-method signature="ecomerce()[pri:0, instance:com.orgtest.FlipcartTest@71238fc2]" started-at="2022-03-11T09:18:45 EST" name="ecomerce" finished-at="2022-03-11T09:19:06 EST" duration-ms="21479" status="PASS">
          <reporter-output>
          </reporter-output>
        </test-method> <!-- ecomerce -->
      </class> <!-- com.orgtest.FlipcartTest -->
      <class name="com.orgtest.FacebookTest">
        <test-method signature="facebook()[pri:0, instance:com.orgtest.FacebookTest@3fb1549b]" started-at="2022-03-11T09:18:41 EST" name="facebook" finished-at="2022-03-11T09:18:45 EST" duration-ms="3403" status="PASS">
          <reporter-output>
          </reporter-output>
        </test-method> <!-- facebook -->
      </class> <!-- com.orgtest.FacebookTest -->
    </test> <!-- Test -->
  </suite> <!-- Suite -->
</testng-results>
